action 3 Mission:-Impossible 0
1996 7.1 2017-05-01

action 4 KickAss 0
2010 7.7 2017-05-01

action 5 Need-for-Speed 0
2014 6.5 2017-05-01

action 6 The-Fate-of-the-Furious 8
2017 7.2 2017-05-01

action 9 Die-Hard 0
1988 8.2 2017-05-02

action 12 Fast&Furious 8
2017 7.3 2017-04-24

action 13 Fast&Furious 7
2015 7.2 2017-04-22

action 14 Fast&Furious 6
2013 7.1 2017-04-21

action 15 Fast&Furious 5
2011 7.3 2017-04-21

action 16 Fast&Furious 4
2009 6.6 2017-04-19

action 17 Fast&Furious 3
2006 6.0 2017-04-18

action 18 Fast&Furious 2
2003 5.9 2017-04-16

action 19 Fast&Furious 1
2001 6.7 2017-04-16

action 20 Iron-Man 2
2010 7.0 2017-05-04

